INFO 2022-07-18 13:07:22,277 root  Advance Assignment1 solution
INFO 2022-07-18 13:07:22,278 root Arithmetical_op
INFO 2022-07-18 13:07:22,278 root Triangle
INFO 2022-07-18 13:07:22,278 root Swap_variable
INFO 2022-07-18 13:07:22,282 root Random number
INFO 2022-07-18 13:07:32,122 root  Advance Assignment1 solution
INFO 2022-07-18 13:07:32,122 root Arithmetical_op
INFO 2022-07-18 13:07:32,122 root Triangle
INFO 2022-07-18 13:07:32,122 root Swap_variable
INFO 2022-07-18 13:07:32,125 root Random number
INFO 2022-07-18 13:07:35,227 root 0
INFO 2022-07-18 13:07:35,227 root This is a divition funtion
INFO 2022-07-18 13:07:39,662 root Devision of number
INFO 2022-07-18 13:08:56,647 root  Advance Assignment1 solution
INFO 2022-07-18 13:08:56,649 root Arithmetical_op
INFO 2022-07-18 13:08:56,649 root Triangle
INFO 2022-07-18 13:08:56,649 root Swap_variable
INFO 2022-07-18 13:08:56,651 root Random number
INFO 2022-07-18 13:08:58,622 root 13
INFO 2022-07-18 13:08:58,622 root This is a divition funtion
INFO 2022-07-18 13:09:00,548 root Devision of number
INFO 2022-07-18 13:09:34,193 root  Advance Assignment1 solution
INFO 2022-07-18 13:09:34,193 root Arithmetical_op
INFO 2022-07-18 13:09:34,193 root Triangle
INFO 2022-07-18 13:09:34,193 root Swap_variable
INFO 2022-07-18 13:09:34,195 root Random number
INFO 2022-07-18 13:09:36,096 root 11
INFO 2022-07-18 13:09:36,096 root This is a divition funtion
INFO 2022-07-18 13:09:39,401 root Devision of number 0.9333333333333333 
INFO 2022-07-18 13:22:15,544 root  Advance Assignment1 solution
INFO 2022-07-18 13:22:15,544 root Arithmetical_op
INFO 2022-07-18 13:22:15,544 root Triangle
INFO 2022-07-18 13:22:15,544 root Swap_variable
INFO 2022-07-18 13:22:15,545 root Random number
INFO 2022-07-18 13:22:22,040 root 21
INFO 2022-07-18 13:22:22,041 root This is a divition funtion
INFO 2022-07-18 13:22:27,911 root Devision of number 0.48 
